<?xml version="1.0" encoding="UTF-8"?>
<testsuite xmlns:xsi="http://www.w3.org/2001/XMLSchema-instance" xsi:noNamespaceSchemaLocation="https://maven.apache.org/surefire/maven-surefire-plugin/xsd/surefire-test-report-3.0.xsd" version="3.0" name="com.depresolver.pom.PomParserTest" time="0.072" tests="7" errors="0" skipped="0" failures="0">
  <properties>
[...]
</properties>
  <testcase name="parseDirectVersion" classname="com.depresolver.pom.PomParserTest" time="0.013"/>
  <testcase name="parsePropertyVersion" classname="com.depresolver.pom.PomParserTest" time="0.007"/>
  <testcase name="findDependencyMatchesNone" classname="com.depresolver.pom.PomParserTest" time="0.006"/>
  <testcase name="findDependencyMatchesProperty" classname="com.depresolver.pom.PomParserTest" time="0.006"/>
  <testcase name="findDependencyMatchesDirect" classname="com.depresolver.pom.PomParserTest" time="0.015"/>
  <testcase name="findDependencyMatchesManaged" classname="com.depresolver.pom.PomParserTest" time="0.004"/>
  <testcase name="parseDependencyManagement" classname="com.depresolver.pom.PomParserTest" time="0.006"/>
</testsuite>