<?xml version="1.0" encoding="UTF-8"?>
<testsuite xmlns:xsi="http://www.w3.org/2001/XMLSchema-instance" xsi:noNamespaceSchemaLocation="https://maven.apache.org/surefire/maven-surefire-plugin/xsd/surefire-test-report-3.0.xsd" version="3.0" name="com.depresolver.registry.RegistryClientTest" time="2.232" tests="8" errors="0" skipped="0" failures="0">
  <properties>
[...]
</properties>
  <testcase name="upsertArtifactRetriesOnConflict" classname="com.depresolver.registry.RegistryClientTest" time="2.102">
    <system-out><![CDATA[13:28:57.226 [main] WARN  c.d.registry.RegistryClient - Registry conflict on attempt 1, retrying...
13:28:57.749 [main] INFO  c.d.registry.RegistryClient - Registered com.pool:pool version 3.0.0
]]></system-out>
    <system-err><![CDATA[Mockito is currently self-attaching to enable the inline-mock-maker. This will no longer work in future releases of the JDK. Please add Mockito as an agent to your build as described in Mockito's documentation: https://javadoc.io/doc/org.mockito/mockito-core/latest/org.mockito/org/mockito/Mockito.html#0.3
WARNING: A Java agent has been loaded dynamically (/Users/namin2/.m2/repository/net/bytebuddy/byte-buddy-agent/1.15.11/byte-buddy-agent-1.15.11.jar)
WARNING: If a serviceability tool is in use, please run with -XX:+EnableDynamicAgentLoading to hide this warning
WARNING: If a serviceability tool is not in use, please run with -Djdk.instrument.traceUsage for more information
WARNING: Dynamic loading of agents will be disallowed by default in a future release
]]></system-err>
  </testcase>
  <testcase name="readRegistryEmpty" classname="com.depresolver.registry.RegistryClientTest" time="0.014"/>
  <testcase name="upsertArtifactNewEntry" classname="com.depresolver.registry.RegistryClientTest" time="0.019">
    <system-out><![CDATA[13:28:57.815 [main] INFO  c.d.registry.RegistryClient - Registered com.new:new-lib version 1.0.0
]]></system-out>
  </testcase>
  <testcase name="readRegistryWithSha" classname="com.depresolver.registry.RegistryClientTest" time="0.01"/>
  <testcase name="readPom" classname="com.depresolver.registry.RegistryClientTest" time="0.005"/>
  <testcase name="upsertArtifactUpdateExisting" classname="com.depresolver.registry.RegistryClientTest" time="0.034">
    <system-out><![CDATA[13:28:57.873 [main] INFO  c.d.registry.RegistryClient - Registered com.pool:pool version 3.0.0
]]></system-out>
  </testcase>
  <testcase name="pushPomNewFile" classname="com.depresolver.registry.RegistryClientTest" time="0.008">
    <system-out><![CDATA[13:28:57.885 [main] INFO  c.d.registry.RegistryClient - Pushed pom for com.pool:pool (master)
]]></system-out>
  </testcase>
  <testcase name="pushPomExistingFile" classname="com.depresolver.registry.RegistryClientTest" time="0.002">
    <system-out><![CDATA[13:28:57.888 [main] INFO  c.d.registry.RegistryClient - Pushed pom for com.pool:pool (master)
]]></system-out>
  </testcase>
</testsuite>